Analysis & Synthesis report for cpu
Wed Jun 08 16:23:00 2016
Quartus II 64-Bit Version 13.0.1 Build 232 06/12/2013 Service Pack 1 SJ Web Edition


---------------------
; Table of Contents ;
---------------------
  1. Legal Notice
  2. Analysis & Synthesis Summary
  3. Analysis & Synthesis Settings
  4. Parallel Compilation
  5. Analysis & Synthesis Source Files Read
  6. Analysis & Synthesis Resource Usage Summary
  7. Analysis & Synthesis Resource Utilization by Entity
  8. General Register Statistics
  9. Parameter Settings for User Entity Instance: Top-level Entity: |if_decode
 10. Parameter Settings for User Entity Instance: if_jedinica:if_jedinica
 11. Parameter Settings for User Entity Instance: Decode:decode_jedinica
 12. Parameter Settings for User Entity Instance: Decode:decode_jedinica|Regfile:regFile
 13. Parameter Settings for User Entity Instance: InstrCache:instr_cache
 14. Parameter Settings for User Entity Instance: Exe:exe_jedinica
 15. Parameter Settings for User Entity Instance: MEM:mem_jedinica
 16. Parameter Settings for User Entity Instance: WB:wb_jedinica
 17. Parameter Settings for User Entity Instance: DataCache:data_cache
 18. Port Connectivity Checks: "Exe:exe_jedinica"
 19. Port Connectivity Checks: "Decode:decode_jedinica|Regfile:regFile"
 20. Port Connectivity Checks: "if_jedinica:if_jedinica"
 21. Elapsed Time Per Partition
 22. Analysis & Synthesis Messages



----------------
; Legal Notice ;
----------------
Copyright (C) 1991-2013 Altera Corporation
Your use of Altera Corporation's design tools, logic functions 
and other software and tools, and its AMPP partner logic 
functions, and any output files from any of the foregoing 
(including device programming or simulation files), and any 
associated documentation or information are expressly subject 
to the terms and conditions of the Altera Program License 
Subscription Agreement, Altera MegaCore Function License 
Agreement, or other applicable license agreement, including, 
without limitation, that your use is for the sole purpose of 
programming logic devices manufactured by Altera and sold by 
Altera or its authorized distributors.  Please refer to the 
applicable agreement for further details.



+--------------------------------------------------------------------------------------+
; Analysis & Synthesis Summary                                                         ;
+------------------------------------+-------------------------------------------------+
; Analysis & Synthesis Status        ; Successful - Wed Jun 08 16:23:00 2016           ;
; Quartus II 64-Bit Version          ; 13.0.1 Build 232 06/12/2013 SP 1 SJ Web Edition ;
; Revision Name                      ; cpu                                             ;
; Top-level Entity Name              ; if_decode                                       ;
; Family                             ; Cyclone II                                      ;
; Total logic elements               ; 0                                               ;
;     Total combinational functions  ; 0                                               ;
;     Dedicated logic registers      ; 0                                               ;
; Total registers                    ; 0                                               ;
; Total pins                         ; 2                                               ;
; Total virtual pins                 ; 0                                               ;
; Total memory bits                  ; 0                                               ;
; Embedded Multiplier 9-bit elements ; 0                                               ;
; Total PLLs                         ; 0                                               ;
+------------------------------------+-------------------------------------------------+


+----------------------------------------------------------------------------------------------------------------------+
; Analysis & Synthesis Settings                                                                                        ;
+----------------------------------------------------------------------------+--------------------+--------------------+
; Option                                                                     ; Setting            ; Default Value      ;
+----------------------------------------------------------------------------+--------------------+--------------------+
; Device                                                                     ; EP2C70F896I8       ;                    ;
; Top-level entity name                                                      ; if_decode          ; cpu                ;
; Family name                                                                ; Cyclone II         ; Cyclone IV GX      ;
; Use smart compilation                                                      ; Off                ; Off                ;
; Enable parallel Assembler and TimeQuest Timing Analyzer during compilation ; On                 ; On                 ;
; Enable compact report table                                                ; Off                ; Off                ;
; Restructure Multiplexers                                                   ; Auto               ; Auto               ;
; Create Debugging Nodes for IP Cores                                        ; Off                ; Off                ;
; Preserve fewer node names                                                  ; On                 ; On                 ;
; Disable OpenCore Plus hardware evaluation                                  ; Off                ; Off                ;
; Verilog Version                                                            ; Verilog_2001       ; Verilog_2001       ;
; VHDL Version                                                               ; VHDL_1993          ; VHDL_1993          ;
; State Machine Processing                                                   ; Auto               ; Auto               ;
; Safe State Machine                                                         ; Off                ; Off                ;
; Extract Verilog State Machines                                             ; On                 ; On                 ;
; Extract VHDL State Machines                                                ; On                 ; On                 ;
; Ignore Verilog initial constructs                                          ; Off                ; Off                ;
; Iteration limit for constant Verilog loops                                 ; 5000               ; 5000               ;
; Iteration limit for non-constant Verilog loops                             ; 250                ; 250                ;
; Add Pass-Through Logic to Inferred RAMs                                    ; On                 ; On                 ;
; Infer RAMs from Raw Logic                                                  ; On                 ; On                 ;
; Parallel Synthesis                                                         ; On                 ; On                 ;
; DSP Block Balancing                                                        ; Auto               ; Auto               ;
; NOT Gate Push-Back                                                         ; On                 ; On                 ;
; Power-Up Don't Care                                                        ; On                 ; On                 ;
; Remove Redundant Logic Cells                                               ; Off                ; Off                ;
; Remove Duplicate Registers                                                 ; On                 ; On                 ;
; Ignore CARRY Buffers                                                       ; Off                ; Off                ;
; Ignore CASCADE Buffers                                                     ; Off                ; Off                ;
; Ignore GLOBAL Buffers                                                      ; Off                ; Off                ;
; Ignore ROW GLOBAL Buffers                                                  ; Off                ; Off                ;
; Ignore LCELL Buffers                                                       ; Off                ; Off                ;
; Ignore SOFT Buffers                                                        ; On                 ; On                 ;
; Limit AHDL Integers to 32 Bits                                             ; Off                ; Off                ;
; Optimization Technique                                                     ; Balanced           ; Balanced           ;
; Carry Chain Length                                                         ; 70                 ; 70                 ;
; Auto Carry Chains                                                          ; On                 ; On                 ;
; Auto Open-Drain Pins                                                       ; On                 ; On                 ;
; Perform WYSIWYG Primitive Resynthesis                                      ; Off                ; Off                ;
; Auto ROM Replacement                                                       ; On                 ; On                 ;
; Auto RAM Replacement                                                       ; On                 ; On                 ;
; Auto Shift Register Replacement                                            ; Auto               ; Auto               ;
; Allow Shift Register Merging across Hierarchies                            ; Auto               ; Auto               ;
; Auto Clock Enable Replacement                                              ; On                 ; On                 ;
; Strict RAM Replacement                                                     ; Off                ; Off                ;
; Allow Synchronous Control Signals                                          ; On                 ; On                 ;
; Force Use of Synchronous Clear Signals                                     ; Off                ; Off                ;
; Auto RAM to Logic Cell Conversion                                          ; Off                ; Off                ;
; Auto Resource Sharing                                                      ; Off                ; Off                ;
; Allow Any RAM Size For Recognition                                         ; Off                ; Off                ;
; Allow Any ROM Size For Recognition                                         ; Off                ; Off                ;
; Allow Any Shift Register Size For Recognition                              ; Off                ; Off                ;
; Use LogicLock Constraints during Resource Balancing                        ; On                 ; On                 ;
; Ignore translate_off and synthesis_off directives                          ; Off                ; Off                ;
; Timing-Driven Synthesis                                                    ; Off                ; Off                ;
; Report Parameter Settings                                                  ; On                 ; On                 ;
; Report Source Assignments                                                  ; On                 ; On                 ;
; Report Connectivity Checks                                                 ; On                 ; On                 ;
; Ignore Maximum Fan-Out Assignments                                         ; Off                ; Off                ;
; Synchronization Register Chain Length                                      ; 2                  ; 2                  ;
; PowerPlay Power Optimization                                               ; Normal compilation ; Normal compilation ;
; HDL message level                                                          ; Level2             ; Level2             ;
; Suppress Register Optimization Related Messages                            ; Off                ; Off                ;
; Number of Removed Registers Reported in Synthesis Report                   ; 5000               ; 5000               ;
; Number of Swept Nodes Reported in Synthesis Report                         ; 5000               ; 5000               ;
; Number of Inverted Registers Reported in Synthesis Report                  ; 100                ; 100                ;
; Clock MUX Protection                                                       ; On                 ; On                 ;
; Auto Gated Clock Conversion                                                ; Off                ; Off                ;
; Block Design Naming                                                        ; Auto               ; Auto               ;
; SDC constraint protection                                                  ; Off                ; Off                ;
; Synthesis Effort                                                           ; Auto               ; Auto               ;
; Shift Register Replacement - Allow Asynchronous Clear Signal               ; On                 ; On                 ;
; Pre-Mapping Resynthesis Optimization                                       ; Off                ; Off                ;
; Analysis & Synthesis Message Level                                         ; Medium             ; Medium             ;
; Disable Register Merging Across Hierarchies                                ; Auto               ; Auto               ;
; Resource Aware Inference For Block RAM                                     ; On                 ; On                 ;
; Synthesis Seed                                                             ; 1                  ; 1                  ;
+----------------------------------------------------------------------------+--------------------+--------------------+


Parallel compilation was disabled, but you have multiple processors available. Enable parallel compilation to reduce compilation time.
+-------------------------------------+
; Parallel Compilation                ;
+----------------------------+--------+
; Processors                 ; Number ;
+----------------------------+--------+
; Number detected on machine ; 2      ;
; Maximum allowed            ; 1      ;
+----------------------------+--------+


+---------------------------------------------------------------------------------------------------------------------------------------------------------------------+
; Analysis & Synthesis Source Files Read                                                                                                                              ;
+---------------------------------------+-----------------+-----------------+-------------------------------------------------------------------------------+---------+
; File Name with User-Entered Path      ; Used in Netlist ; File Type       ; File Name with Absolute Path                                                  ; Library ;
+---------------------------------------+-----------------+-----------------+-------------------------------------------------------------------------------+---------+
; WB/WB.vhd                             ; yes             ; User VHDL File  ; C:/Users/Nenad/Desktop/vlsi-master/VLSI/WB/WB.vhd                             ;         ;
; Regfile/Regfile.vhd                   ; yes             ; User VHDL File  ; C:/Users/Nenad/Desktop/vlsi-master/VLSI/Regfile/Regfile.vhd                   ;         ;
; Mem/MEM.vhd                           ; yes             ; User VHDL File  ; C:/Users/Nenad/Desktop/vlsi-master/VLSI/Mem/MEM.vhd                           ;         ;
; InstructionCache/InstructionCache.vhd ; yes             ; User VHDL File  ; C:/Users/Nenad/Desktop/vlsi-master/VLSI/InstructionCache/InstructionCache.vhd ;         ;
; InstrConst/InstrCosnt.vhd             ; yes             ; User VHDL File  ; C:/Users/Nenad/Desktop/vlsi-master/VLSI/InstrConst/InstrCosnt.vhd             ;         ;
; if_decode/if_decode.vhd               ; yes             ; User VHDL File  ; C:/Users/Nenad/Desktop/vlsi-master/VLSI/if_decode/if_decode.vhd               ;         ;
; IF/if.vhd                             ; yes             ; User VHDL File  ; C:/Users/Nenad/Desktop/vlsi-master/VLSI/IF/if.vhd                             ;         ;
; EX/EX.vhd                             ; yes             ; User VHDL File  ; C:/Users/Nenad/Desktop/vlsi-master/VLSI/EX/EX.vhd                             ;         ;
; Decode/Decode.vhd                     ; yes             ; User VHDL File  ; C:/Users/Nenad/Desktop/vlsi-master/VLSI/Decode/Decode.vhd                     ;         ;
; DataCache/DataCache.vhd               ; yes             ; User VHDL File  ; C:/Users/Nenad/Desktop/vlsi-master/VLSI/DataCache/DataCache.vhd               ;         ;
; Forward/forward.vhd                   ; yes             ; User VHDL File  ; C:/Users/Nenad/Desktop/vlsi-master/VLSI/Forward/forward.vhd                   ;         ;
+---------------------------------------+-----------------+-----------------+-------------------------------------------------------------------------------+---------+


+-----------------------------------------------------+
; Analysis & Synthesis Resource Usage Summary         ;
+---------------------------------------------+-------+
; Resource                                    ; Usage ;
+---------------------------------------------+-------+
;                                             ;       ;
; Total combinational functions               ; 0     ;
; Logic element usage by number of LUT inputs ;       ;
;     -- 4 input functions                    ; 0     ;
;     -- 3 input functions                    ; 0     ;
;     -- <=2 input functions                  ; 0     ;
;                                             ;       ;
; Logic elements by mode                      ;       ;
;     -- normal mode                          ; 0     ;
;     -- arithmetic mode                      ; 0     ;
;                                             ;       ;
; Total registers                             ; 0     ;
;     -- Dedicated logic registers            ; 0     ;
;     -- I/O registers                        ; 0     ;
;                                             ;       ;
; I/O pins                                    ; 2     ;
; Embedded Multiplier 9-bit elements          ; 0     ;
+---------------------------------------------+-------+


+-----------------------------------------------------------------------------------------------------------------------------------------------------------------------------+
; Analysis & Synthesis Resource Utilization by Entity                                                                                                                         ;
+----------------------------+-------------------+--------------+-------------+--------------+---------+-----------+------+--------------+---------------------+--------------+
; Compilation Hierarchy Node ; LC Combinationals ; LC Registers ; Memory Bits ; DSP Elements ; DSP 9x9 ; DSP 18x18 ; Pins ; Virtual Pins ; Full Hierarchy Name ; Library Name ;
+----------------------------+-------------------+--------------+-------------+--------------+---------+-----------+------+--------------+---------------------+--------------+
; |if_decode                 ; 0 (0)             ; 0 (0)        ; 0           ; 0            ; 0       ; 0         ; 2    ; 0            ; |if_decode          ; work         ;
+----------------------------+-------------------+--------------+-------------+--------------+---------+-----------+------+--------------+---------------------+--------------+
Note: For table entries with two numbers listed, the numbers in parentheses indicate the number of resources of the given type used by the specific entity alone. The numbers listed outside of parentheses indicate the total resources of the given type used by the specific entity and all of its sub-entities in the hierarchy.


+------------------------------------------------------+
; General Register Statistics                          ;
+----------------------------------------------+-------+
; Statistic                                    ; Value ;
+----------------------------------------------+-------+
; Total registers                              ; 0     ;
; Number of registers using Synchronous Clear  ; 0     ;
; Number of registers using Synchronous Load   ; 0     ;
; Number of registers using Asynchronous Clear ; 0     ;
; Number of registers using Asynchronous Load  ; 0     ;
; Number of registers using Clock Enable       ; 0     ;
; Number of registers using Preset             ; 0     ;
+----------------------------------------------+-------+


+---------------------------------------------------------------------------+
; Parameter Settings for User Entity Instance: Top-level Entity: |if_decode ;
+-----------------+-------+-------------------------------------------------+
; Parameter Name  ; Value ; Type                                            ;
+-----------------+-------+-------------------------------------------------+
; reg_adr_length  ; 5     ; Signed Integer                                  ;
; addr_length     ; 32    ; Signed Integer                                  ;
; opcode_length   ; 6     ; Signed Integer                                  ;
; instr_length    ; 32    ; Signed Integer                                  ;
; reg_data_length ; 32    ; Signed Integer                                  ;
; data_length     ; 32    ; Signed Integer                                  ;
+-----------------+-------+-------------------------------------------------+
Note: In order to hide this table in the UI and the text report file, please set the "Show Parameter Settings in Synthesis Report" option in "Analysis and Synthesis Settings -> More Settings" to "Off".


+----------------------------------------------------------------------+
; Parameter Settings for User Entity Instance: if_jedinica:if_jedinica ;
+----------------+-------+---------------------------------------------+
; Parameter Name ; Value ; Type                                        ;
+----------------+-------+---------------------------------------------+
; addr_length    ; 32    ; Signed Integer                              ;
; instr_length   ; 32    ; Signed Integer                              ;
+----------------+-------+---------------------------------------------+
Note: In order to hide this table in the UI and the text report file, please set the "Show Parameter Settings in Synthesis Report" option in "Analysis and Synthesis Settings -> More Settings" to "Off".


+---------------------------------------------------------------------+
; Parameter Settings for User Entity Instance: Decode:decode_jedinica ;
+-----------------+-------+-------------------------------------------+
; Parameter Name  ; Value ; Type                                      ;
+-----------------+-------+-------------------------------------------+
; reg_adr_length  ; 5     ; Signed Integer                            ;
; addr_length     ; 32    ; Signed Integer                            ;
; instr_length    ; 32    ; Signed Integer                            ;
; reg_data_length ; 32    ; Signed Integer                            ;
+-----------------+-------+-------------------------------------------+
Note: In order to hide this table in the UI and the text report file, please set the "Show Parameter Settings in Synthesis Report" option in "Analysis and Synthesis Settings -> More Settings" to "Off".


+-------------------------------------------------------------------------------------+
; Parameter Settings for User Entity Instance: Decode:decode_jedinica|Regfile:regFile ;
+-----------------+-------+-----------------------------------------------------------+
; Parameter Name  ; Value ; Type                                                      ;
+-----------------+-------+-----------------------------------------------------------+
; reg_adr_length  ; 5     ; Signed Integer                                            ;
; reg_data_length ; 32    ; Signed Integer                                            ;
+-----------------+-------+-----------------------------------------------------------+
Note: In order to hide this table in the UI and the text report file, please set the "Show Parameter Settings in Synthesis Report" option in "Analysis and Synthesis Settings -> More Settings" to "Off".


+---------------------------------------------------------------------+
; Parameter Settings for User Entity Instance: InstrCache:instr_cache ;
+------------------+-------+------------------------------------------+
; Parameter Name   ; Value ; Type                                     ;
+------------------+-------+------------------------------------------+
; addr_length      ; 32    ; Signed Integer                           ;
; instr_length     ; 32    ; Signed Integer                           ;
; instr_cache_size ; 1000  ; Signed Integer                           ;
+------------------+-------+------------------------------------------+
Note: In order to hide this table in the UI and the text report file, please set the "Show Parameter Settings in Synthesis Report" option in "Analysis and Synthesis Settings -> More Settings" to "Off".


+---------------------------------------------------------------+
; Parameter Settings for User Entity Instance: Exe:exe_jedinica ;
+-----------------+-------+-------------------------------------+
; Parameter Name  ; Value ; Type                                ;
+-----------------+-------+-------------------------------------+
; address_length  ; 32    ; Signed Integer                      ;
; data_length     ; 32    ; Signed Integer                      ;
; opcode_length   ; 6     ; Signed Integer                      ;
; reg_code_length ; 5     ; Signed Integer                      ;
+-----------------+-------+-------------------------------------+
Note: In order to hide this table in the UI and the text report file, please set the "Show Parameter Settings in Synthesis Report" option in "Analysis and Synthesis Settings -> More Settings" to "Off".


+---------------------------------------------------------------+
; Parameter Settings for User Entity Instance: MEM:mem_jedinica ;
+-----------------+-------+-------------------------------------+
; Parameter Name  ; Value ; Type                                ;
+-----------------+-------+-------------------------------------+
; address_length  ; 32    ; Signed Integer                      ;
; data_length     ; 32    ; Signed Integer                      ;
; opcode_length   ; 6     ; Signed Integer                      ;
; reg_code_length ; 5     ; Signed Integer                      ;
+-----------------+-------+-------------------------------------+
Note: In order to hide this table in the UI and the text report file, please set the "Show Parameter Settings in Synthesis Report" option in "Analysis and Synthesis Settings -> More Settings" to "Off".


+-------------------------------------------------------------+
; Parameter Settings for User Entity Instance: WB:wb_jedinica ;
+----------------+-------+------------------------------------+
; Parameter Name ; Value ; Type                               ;
+----------------+-------+------------------------------------+
; address_length ; 32    ; Signed Integer                     ;
; data_length    ; 32    ; Signed Integer                     ;
; reg_adr_length ; 5     ; Signed Integer                     ;
; opcode_length  ; 6     ; Signed Integer                     ;
+----------------+-------+------------------------------------+
Note: In order to hide this table in the UI and the text report file, please set the "Show Parameter Settings in Synthesis Report" option in "Analysis and Synthesis Settings -> More Settings" to "Off".


+-------------------------------------------------------------------+
; Parameter Settings for User Entity Instance: DataCache:data_cache ;
+-----------------+-------+-----------------------------------------+
; Parameter Name  ; Value ; Type                                    ;
+-----------------+-------+-----------------------------------------+
; addr_length     ; 32    ; Signed Integer                          ;
; data_length     ; 32    ; Signed Integer                          ;
; data_cache_size ; 1000  ; Signed Integer                          ;
+-----------------+-------+-----------------------------------------+
Note: In order to hide this table in the UI and the text report file, please set the "Show Parameter Settings in Synthesis Report" option in "Analysis and Synthesis Settings -> More Settings" to "Off".


+-----------------------------------------------------------------------------------------------------------------+
; Port Connectivity Checks: "Exe:exe_jedinica"                                                                    ;
+-------+--------+----------+-------------------------------------------------------------------------------------+
; Port  ; Type   ; Severity ; Details                                                                             ;
+-------+--------+----------+-------------------------------------------------------------------------------------+
; brnch ; Output ; Info     ; Connected to dangling logic. Logic that only feeds a dangling port will be removed. ;
+-------+--------+----------+-------------------------------------------------------------------------------------+


+--------------------------------------------------------------------+
; Port Connectivity Checks: "Decode:decode_jedinica|Regfile:regFile" ;
+------+-------+----------+------------------------------------------+
; Port ; Type  ; Severity ; Details                                  ;
+------+-------+----------+------------------------------------------+
; rd   ; Input ; Info     ; Stuck at VCC                             ;
+------+-------+----------+------------------------------------------+


+---------------------------------------------------------------------------------------------------------------------+
; Port Connectivity Checks: "if_jedinica:if_jedinica"                                                                 ;
+-----------+--------+----------+-------------------------------------------------------------------------------------+
; Port      ; Type   ; Severity ; Details                                                                             ;
+-----------+--------+----------+-------------------------------------------------------------------------------------+
; flush_out ; Output ; Info     ; Connected to dangling logic. Logic that only feeds a dangling port will be removed. ;
+-----------+--------+----------+-------------------------------------------------------------------------------------+


+-------------------------------+
; Elapsed Time Per Partition    ;
+----------------+--------------+
; Partition Name ; Elapsed Time ;
+----------------+--------------+
; Top            ; 00:00:00     ;
+----------------+--------------+


+-------------------------------+
; Analysis & Synthesis Messages ;
+-------------------------------+
Info: *******************************************************************
Info: Running Quartus II 64-Bit Analysis & Synthesis
    Info: Version 13.0.1 Build 232 06/12/2013 Service Pack 1 SJ Web Edition
    Info: Processing started: Wed Jun 08 16:22:52 2016
Info: Command: quartus_map --read_settings_files=on --write_settings_files=off cpu -c cpu
Warning (20028): Parallel compilation is not licensed and has been disabled
Info (12021): Found 2 design units, including 1 entities, in source file wb/wb.vhd
    Info (12022): Found design unit 1: WB-rtl
    Info (12023): Found entity 1: WB
Info (12021): Found 2 design units, including 1 entities, in source file regfile/regfile.vhd
    Info (12022): Found design unit 1: Regfile-rtl
    Info (12023): Found entity 1: Regfile
Info (12021): Found 2 design units, including 1 entities, in source file mem/mem.vhd
    Info (12022): Found design unit 1: MEM-rtl
    Info (12023): Found entity 1: MEM
Info (12021): Found 2 design units, including 1 entities, in source file instructioncache/instructioncache.vhd
    Info (12022): Found design unit 1: InstrCache-ins_cache_impl
    Info (12023): Found entity 1: InstrCache
Info (12021): Found 2 design units, including 0 entities, in source file instrconst/instrcosnt.vhd
    Info (12022): Found design unit 1: instrSet
    Info (12022): Found design unit 2: instrSet-body
Info (12021): Found 2 design units, including 1 entities, in source file if_decode/if_decode.vhd
    Info (12022): Found design unit 1: if_decode-rtl
    Info (12023): Found entity 1: if_decode
Info (12021): Found 2 design units, including 1 entities, in source file if/if.vhd
    Info (12022): Found design unit 1: if_jedinica-impl
    Info (12023): Found entity 1: if_jedinica
Info (12021): Found 2 design units, including 1 entities, in source file ex/ex.vhd
    Info (12022): Found design unit 1: Exe-rtl
    Info (12023): Found entity 1: Exe
Info (12021): Found 2 design units, including 1 entities, in source file decode/decode.vhd
    Info (12022): Found design unit 1: Decode-impl
    Info (12023): Found entity 1: Decode
Info (12021): Found 2 design units, including 1 entities, in source file datacache/datacache.vhd
    Info (12022): Found design unit 1: DataCache-rtl
    Info (12023): Found entity 1: DataCache
Info (12021): Found 2 design units, including 1 entities, in source file forward/forward.vhd
    Info (12022): Found design unit 1: Forward-rtl
    Info (12023): Found entity 1: Forward
Info (12127): Elaborating entity "if_decode" for the top level hierarchy
Warning (10541): VHDL Signal Declaration warning at if_decode.vhd(41): used implicit default value for signal "psw_wr" because signal was never assigned a value or an explicit default value. Use of implicit default value may introduce unintended design optimizations.
Warning (10541): VHDL Signal Declaration warning at if_decode.vhd(44): used implicit default value for signal "psw_in" because signal was never assigned a value or an explicit default value. Use of implicit default value may introduce unintended design optimizations.
Warning (10036): Verilog HDL or VHDL warning at if_decode.vhd(59): object "brnch" assigned a value but never read
Warning (10036): Verilog HDL or VHDL warning at if_decode.vhd(83): object "flush_if" assigned a value but never read
Warning (10541): VHDL Signal Declaration warning at if_decode.vhd(84): used implicit default value for signal "flush_if_decode" because signal was never assigned a value or an explicit default value. Use of implicit default value may introduce unintended design optimizations.
Warning (10541): VHDL Signal Declaration warning at if_decode.vhd(87): used implicit default value for signal "flush_id" because signal was never assigned a value or an explicit default value. Use of implicit default value may introduce unintended design optimizations.
Info (12129): Elaborating entity "if_jedinica" using architecture "A:impl" for hierarchy "if_jedinica:if_jedinica"
Warning (10492): VHDL Process Statement warning at if.vhd(40): signal "initial_PC" is read inside the Process Statement but isn't in the Process Statement's sensitivity list
Warning (10492): VHDL Process Statement warning at if.vhd(41): signal "initial_PC" is read inside the Process Statement but isn't in the Process Statement's sensitivity list
Info (12129): Elaborating entity "Decode" using architecture "A:impl" for hierarchy "Decode:decode_jedinica"
Warning (10541): VHDL Signal Declaration warning at Decode.vhd(56): used implicit default value for signal "psw_rd" because signal was never assigned a value or an explicit default value. Use of implicit default value may introduce unintended design optimizations.
Info (12129): Elaborating entity "Regfile" using architecture "A:rtl" for hierarchy "Decode:decode_jedinica|Regfile:regFile"
Info (12129): Elaborating entity "InstrCache" using architecture "A:ins_cache_impl" for hierarchy "InstrCache:instr_cache"
Info (12129): Elaborating entity "Exe" using architecture "A:rtl" for hierarchy "Exe:exe_jedinica"
Warning (10541): VHDL Signal Declaration warning at EX.vhd(43): used implicit default value for signal "instr_out" because signal was never assigned a value or an explicit default value. Use of implicit default value may introduce unintended design optimizations.
Warning (10541): VHDL Signal Declaration warning at EX.vhd(50): used implicit default value for signal "brnch" because signal was never assigned a value or an explicit default value. Use of implicit default value may introduce unintended design optimizations.
Warning (10492): VHDL Process Statement warning at EX.vhd(70): signal "flush_id" is read inside the Process Statement but isn't in the Process Statement's sensitivity list
Warning (10492): VHDL Process Statement warning at EX.vhd(83): signal "imm_value" is read inside the Process Statement but isn't in the Process Statement's sensitivity list
Warning (10492): VHDL Process Statement warning at EX.vhd(89): signal "imm_value" is read inside the Process Statement but isn't in the Process Statement's sensitivity list
Warning (10492): VHDL Process Statement warning at EX.vhd(98): signal "imm_value" is read inside the Process Statement but isn't in the Process Statement's sensitivity list
Warning (10492): VHDL Process Statement warning at EX.vhd(150): signal "imm_value" is read inside the Process Statement but isn't in the Process Statement's sensitivity list
Warning (10492): VHDL Process Statement warning at EX.vhd(162): signal "imm_value" is read inside the Process Statement but isn't in the Process Statement's sensitivity list
Warning (10492): VHDL Process Statement warning at EX.vhd(174): signal "imm_value" is read inside the Process Statement but isn't in the Process Statement's sensitivity list
Warning (10492): VHDL Process Statement warning at EX.vhd(186): signal "imm_value" is read inside the Process Statement but isn't in the Process Statement's sensitivity list
Warning (10492): VHDL Process Statement warning at EX.vhd(288): signal "rd_adr" is read inside the Process Statement but isn't in the Process Statement's sensitivity list
Info (12129): Elaborating entity "MEM" using architecture "A:rtl" for hierarchy "MEM:mem_jedinica"
Warning (10492): VHDL Process Statement warning at MEM.vhd(61): signal "opcode" is read inside the Process Statement but isn't in the Process Statement's sensitivity list
Warning (10492): VHDL Process Statement warning at MEM.vhd(61): signal "flush_ex" is read inside the Process Statement but isn't in the Process Statement's sensitivity list
Warning (10492): VHDL Process Statement warning at MEM.vhd(63): signal "data_from_alu" is read inside the Process Statement but isn't in the Process Statement's sensitivity list
Warning (10492): VHDL Process Statement warning at MEM.vhd(64): signal "st_value" is read inside the Process Statement but isn't in the Process Statement's sensitivity list
Warning (10492): VHDL Process Statement warning at MEM.vhd(70): signal "opcode" is read inside the Process Statement but isn't in the Process Statement's sensitivity list
Warning (10492): VHDL Process Statement warning at MEM.vhd(70): signal "flush_ex" is read inside the Process Statement but isn't in the Process Statement's sensitivity list
Warning (10492): VHDL Process Statement warning at MEM.vhd(72): signal "data_from_alu" is read inside the Process Statement but isn't in the Process Statement's sensitivity list
Warning (10492): VHDL Process Statement warning at MEM.vhd(79): signal "flush_ex" is read inside the Process Statement but isn't in the Process Statement's sensitivity list
Warning (10492): VHDL Process Statement warning at MEM.vhd(81): signal "data_from_alu" is read inside the Process Statement but isn't in the Process Statement's sensitivity list
Warning (10492): VHDL Process Statement warning at MEM.vhd(82): signal "instr" is read inside the Process Statement but isn't in the Process Statement's sensitivity list
Warning (10492): VHDL Process Statement warning at MEM.vhd(84): signal "rd_adr" is read inside the Process Statement but isn't in the Process Statement's sensitivity list
Warning (10492): VHDL Process Statement warning at MEM.vhd(85): signal "opcode" is read inside the Process Statement but isn't in the Process Statement's sensitivity list
Warning (10492): VHDL Process Statement warning at MEM.vhd(87): signal "ar_log" is read inside the Process Statement but isn't in the Process Statement's sensitivity list
Warning (10492): VHDL Process Statement warning at MEM.vhd(88): signal "load" is read inside the Process Statement but isn't in the Process Statement's sensitivity list
Warning (10631): VHDL Process Statement warning at MEM.vhd(58): inferring latch(es) for signal or variable "addr_bus", which holds its previous value in one or more paths through the process
Warning (10631): VHDL Process Statement warning at MEM.vhd(58): inferring latch(es) for signal or variable "data_bus_out", which holds its previous value in one or more paths through the process
Info (10041): Inferred latch for "data_bus_out[0]" at MEM.vhd(58)
Info (10041): Inferred latch for "data_bus_out[1]" at MEM.vhd(58)
Info (10041): Inferred latch for "data_bus_out[2]" at MEM.vhd(58)
Info (10041): Inferred latch for "data_bus_out[3]" at MEM.vhd(58)
Info (10041): Inferred latch for "data_bus_out[4]" at MEM.vhd(58)
Info (10041): Inferred latch for "data_bus_out[5]" at MEM.vhd(58)
Info (10041): Inferred latch for "data_bus_out[6]" at MEM.vhd(58)
Info (10041): Inferred latch for "data_bus_out[7]" at MEM.vhd(58)
Info (10041): Inferred latch for "data_bus_out[8]" at MEM.vhd(58)
Info (10041): Inferred latch for "data_bus_out[9]" at MEM.vhd(58)
Info (10041): Inferred latch for "data_bus_out[10]" at MEM.vhd(58)
Info (10041): Inferred latch for "data_bus_out[11]" at MEM.vhd(58)
Info (10041): Inferred latch for "data_bus_out[12]" at MEM.vhd(58)
Info (10041): Inferred latch for "data_bus_out[13]" at MEM.vhd(58)
Info (10041): Inferred latch for "data_bus_out[14]" at MEM.vhd(58)
Info (10041): Inferred latch for "data_bus_out[15]" at MEM.vhd(58)
Info (10041): Inferred latch for "data_bus_out[16]" at MEM.vhd(58)
Info (10041): Inferred latch for "data_bus_out[17]" at MEM.vhd(58)
Info (10041): Inferred latch for "data_bus_out[18]" at MEM.vhd(58)
Info (10041): Inferred latch for "data_bus_out[19]" at MEM.vhd(58)
Info (10041): Inferred latch for "data_bus_out[20]" at MEM.vhd(58)
Info (10041): Inferred latch for "data_bus_out[21]" at MEM.vhd(58)
Info (10041): Inferred latch for "data_bus_out[22]" at MEM.vhd(58)
Info (10041): Inferred latch for "data_bus_out[23]" at MEM.vhd(58)
Info (10041): Inferred latch for "data_bus_out[24]" at MEM.vhd(58)
Info (10041): Inferred latch for "data_bus_out[25]" at MEM.vhd(58)
Info (10041): Inferred latch for "data_bus_out[26]" at MEM.vhd(58)
Info (10041): Inferred latch for "data_bus_out[27]" at MEM.vhd(58)
Info (10041): Inferred latch for "data_bus_out[28]" at MEM.vhd(58)
Info (10041): Inferred latch for "data_bus_out[29]" at MEM.vhd(58)
Info (10041): Inferred latch for "data_bus_out[30]" at MEM.vhd(58)
Info (10041): Inferred latch for "data_bus_out[31]" at MEM.vhd(58)
Info (10041): Inferred latch for "addr_bus[0]" at MEM.vhd(58)
Info (10041): Inferred latch for "addr_bus[1]" at MEM.vhd(58)
Info (10041): Inferred latch for "addr_bus[2]" at MEM.vhd(58)
Info (10041): Inferred latch for "addr_bus[3]" at MEM.vhd(58)
Info (10041): Inferred latch for "addr_bus[4]" at MEM.vhd(58)
Info (10041): Inferred latch for "addr_bus[5]" at MEM.vhd(58)
Info (10041): Inferred latch for "addr_bus[6]" at MEM.vhd(58)
Info (10041): Inferred latch for "addr_bus[7]" at MEM.vhd(58)
Info (10041): Inferred latch for "addr_bus[8]" at MEM.vhd(58)
Info (10041): Inferred latch for "addr_bus[9]" at MEM.vhd(58)
Info (10041): Inferred latch for "addr_bus[10]" at MEM.vhd(58)
Info (10041): Inferred latch for "addr_bus[11]" at MEM.vhd(58)
Info (10041): Inferred latch for "addr_bus[12]" at MEM.vhd(58)
Info (10041): Inferred latch for "addr_bus[13]" at MEM.vhd(58)
Info (10041): Inferred latch for "addr_bus[14]" at MEM.vhd(58)
Info (10041): Inferred latch for "addr_bus[15]" at MEM.vhd(58)
Info (10041): Inferred latch for "addr_bus[16]" at MEM.vhd(58)
Info (10041): Inferred latch for "addr_bus[17]" at MEM.vhd(58)
Info (10041): Inferred latch for "addr_bus[18]" at MEM.vhd(58)
Info (10041): Inferred latch for "addr_bus[19]" at MEM.vhd(58)
Info (10041): Inferred latch for "addr_bus[20]" at MEM.vhd(58)
Info (10041): Inferred latch for "addr_bus[21]" at MEM.vhd(58)
Info (10041): Inferred latch for "addr_bus[22]" at MEM.vhd(58)
Info (10041): Inferred latch for "addr_bus[23]" at MEM.vhd(58)
Info (10041): Inferred latch for "addr_bus[24]" at MEM.vhd(58)
Info (10041): Inferred latch for "addr_bus[25]" at MEM.vhd(58)
Info (10041): Inferred latch for "addr_bus[26]" at MEM.vhd(58)
Info (10041): Inferred latch for "addr_bus[27]" at MEM.vhd(58)
Info (10041): Inferred latch for "addr_bus[28]" at MEM.vhd(58)
Info (10041): Inferred latch for "addr_bus[29]" at MEM.vhd(58)
Info (10041): Inferred latch for "addr_bus[30]" at MEM.vhd(58)
Info (10041): Inferred latch for "addr_bus[31]" at MEM.vhd(58)
Info (12129): Elaborating entity "WB" using architecture "A:rtl" for hierarchy "WB:wb_jedinica"
Warning (10492): VHDL Process Statement warning at WB.vhd(44): signal "ar_log" is read inside the Process Statement but isn't in the Process Statement's sensitivity list
Warning (10492): VHDL Process Statement warning at WB.vhd(44): signal "flush_mem" is read inside the Process Statement but isn't in the Process Statement's sensitivity list
Warning (10492): VHDL Process Statement warning at WB.vhd(45): signal "data_from_mem" is read inside the Process Statement but isn't in the Process Statement's sensitivity list
Warning (10492): VHDL Process Statement warning at WB.vhd(46): signal "rd_adr" is read inside the Process Statement but isn't in the Process Statement's sensitivity list
Warning (10492): VHDL Process Statement warning at WB.vhd(50): signal "load" is read inside the Process Statement but isn't in the Process Statement's sensitivity list
Warning (10492): VHDL Process Statement warning at WB.vhd(50): signal "flush_mem" is read inside the Process Statement but isn't in the Process Statement's sensitivity list
Warning (10492): VHDL Process Statement warning at WB.vhd(51): signal "rd_reg" is read inside the Process Statement but isn't in the Process Statement's sensitivity list
Warning (10492): VHDL Process Statement warning at WB.vhd(52): signal "rd_adr" is read inside the Process Statement but isn't in the Process Statement's sensitivity list
Warning (10631): VHDL Process Statement warning at WB.vhd(41): inferring latch(es) for signal or variable "reg_data", which holds its previous value in one or more paths through the process
Warning (10631): VHDL Process Statement warning at WB.vhd(41): inferring latch(es) for signal or variable "reg_addr", which holds its previous value in one or more paths through the process
Info (10041): Inferred latch for "reg_addr[0]" at WB.vhd(41)
Info (10041): Inferred latch for "reg_addr[1]" at WB.vhd(41)
Info (10041): Inferred latch for "reg_addr[2]" at WB.vhd(41)
Info (10041): Inferred latch for "reg_addr[3]" at WB.vhd(41)
Info (10041): Inferred latch for "reg_addr[4]" at WB.vhd(41)
Info (10041): Inferred latch for "reg_data[0]" at WB.vhd(41)
Info (10041): Inferred latch for "reg_data[1]" at WB.vhd(41)
Info (10041): Inferred latch for "reg_data[2]" at WB.vhd(41)
Info (10041): Inferred latch for "reg_data[3]" at WB.vhd(41)
Info (10041): Inferred latch for "reg_data[4]" at WB.vhd(41)
Info (10041): Inferred latch for "reg_data[5]" at WB.vhd(41)
Info (10041): Inferred latch for "reg_data[6]" at WB.vhd(41)
Info (10041): Inferred latch for "reg_data[7]" at WB.vhd(41)
Info (10041): Inferred latch for "reg_data[8]" at WB.vhd(41)
Info (10041): Inferred latch for "reg_data[9]" at WB.vhd(41)
Info (10041): Inferred latch for "reg_data[10]" at WB.vhd(41)
Info (10041): Inferred latch for "reg_data[11]" at WB.vhd(41)
Info (10041): Inferred latch for "reg_data[12]" at WB.vhd(41)
Info (10041): Inferred latch for "reg_data[13]" at WB.vhd(41)
Info (10041): Inferred latch for "reg_data[14]" at WB.vhd(41)
Info (10041): Inferred latch for "reg_data[15]" at WB.vhd(41)
Info (10041): Inferred latch for "reg_data[16]" at WB.vhd(41)
Info (10041): Inferred latch for "reg_data[17]" at WB.vhd(41)
Info (10041): Inferred latch for "reg_data[18]" at WB.vhd(41)
Info (10041): Inferred latch for "reg_data[19]" at WB.vhd(41)
Info (10041): Inferred latch for "reg_data[20]" at WB.vhd(41)
Info (10041): Inferred latch for "reg_data[21]" at WB.vhd(41)
Info (10041): Inferred latch for "reg_data[22]" at WB.vhd(41)
Info (10041): Inferred latch for "reg_data[23]" at WB.vhd(41)
Info (10041): Inferred latch for "reg_data[24]" at WB.vhd(41)
Info (10041): Inferred latch for "reg_data[25]" at WB.vhd(41)
Info (10041): Inferred latch for "reg_data[26]" at WB.vhd(41)
Info (10041): Inferred latch for "reg_data[27]" at WB.vhd(41)
Info (10041): Inferred latch for "reg_data[28]" at WB.vhd(41)
Info (10041): Inferred latch for "reg_data[29]" at WB.vhd(41)
Info (10041): Inferred latch for "reg_data[30]" at WB.vhd(41)
Info (10041): Inferred latch for "reg_data[31]" at WB.vhd(41)
Info (12129): Elaborating entity "DataCache" using architecture "A:rtl" for hierarchy "DataCache:data_cache"
Info (12129): Elaborating entity "Forward" using architecture "A:rtl" for hierarchy "Forward:fwd"
Warning (10492): VHDL Process Statement warning at forward.vhd(56): signal "rd_wb" is read inside the Process Statement but isn't in the Process Statement's sensitivity list
Warning (10492): VHDL Process Statement warning at forward.vhd(61): signal "rd_wb" is read inside the Process Statement but isn't in the Process Statement's sensitivity list
Warning (10492): VHDL Process Statement warning at forward.vhd(66): signal "rd_mem" is read inside the Process Statement but isn't in the Process Statement's sensitivity list
Warning (10492): VHDL Process Statement warning at forward.vhd(71): signal "rd_mem" is read inside the Process Statement but isn't in the Process Statement's sensitivity list
Warning (10492): VHDL Process Statement warning at forward.vhd(75): signal "valid" is read inside the Process Statement but isn't in the Process Statement's sensitivity list
Warning (10492): VHDL Process Statement warning at forward.vhd(77): signal "rd_ex" is read inside the Process Statement but isn't in the Process Statement's sensitivity list
Warning (10492): VHDL Process Statement warning at forward.vhd(86): signal "valid" is read inside the Process Statement but isn't in the Process Statement's sensitivity list
Warning (10492): VHDL Process Statement warning at forward.vhd(88): signal "rd_ex" is read inside the Process Statement but isn't in the Process Statement's sensitivity list
Info (16010): Generating hard_block partition "hard_block:auto_generated_inst"
    Info (16011): Adding 0 node(s), including 0 DDIO, 0 PLL, 0 transceiver and 0 LCELL
Warning (21074): Design contains 2 input pin(s) that do not drive logic
    Warning (15610): No output dependent on input pin "clk"
    Warning (15610): No output dependent on input pin "reset"
Info (21057): Implemented 2 device resources after synthesis - the final resource count might be different
    Info (21058): Implemented 2 input pins
    Info (21059): Implemented 0 output pins
Info: Quartus II 64-Bit Analysis & Synthesis was successful. 0 errors, 58 warnings
    Info: Peak virtual memory: 503 megabytes
    Info: Processing ended: Wed Jun 08 16:23:00 2016
    Info: Elapsed time: 00:00:08
    Info: Total CPU time (on all processors): 00:00:05


